<?xml version="1.0" encoding="UTF-8"?>
<testsuite xmlns:xsi="http://www.w3.org/2001/XMLSchema-instance" xsi:noNamespaceSchemaLocation="https://maven.apache.org/surefire/maven-surefire-plugin/xsd/surefire-test-report.xsd" name="com.ruoze.hadoop.utils.LogUtilsTest" time="0.031" tests="1" errors="0" skipped="0" failures="0">
  <properties>
    <property name="sun.desktop" value="windows"/>
    <property name="awt.toolkit" value="sun.awt.windows.WToolkit"/>
    <property name="file.encoding.pkg" value="sun.io"/>
    <property name="java.specification.version" value="1.8"/>
    <property name="sun.cpu.isalist" value="amd64"/>
    <property name="sun.jnu.encoding" value="GBK"/>
    <property name="java.class.path" value="D:\IdeaProjects\g6-hadoop\target\test-classes;D:\IdeaProjects\g6-hadoop\target\classes;D:\Hadoop\repository\org\apache\hadoop\hadoop-client\2.6.0-cdh5.7.0\hadoop-client-2.6.0-cdh5.7.0.jar;D:\Hadoop\repository\org\apache\hadoop\hadoop-common\2.6.0-cdh5.7.0\hadoop-common-2.6.0-cdh5.7.0.jar;D:\Hadoop\repository\com\google\guava\guava\11.0.2\guava-11.0.2.jar;D:\Hadoop\repository\commons-cli\commons-cli\1.2\commons-cli-1.2.jar;D:\Hadoop\repository\org\apache\commons\commons-math3\3.1.1\commons-math3-3.1.1.jar;D:\Hadoop\repository\xmlenc\xmlenc\0.52\xmlenc-0.52.jar;D:\Hadoop\repository\commons-httpclient\commons-httpclient\3.1\commons-httpclient-3.1.jar;D:\Hadoop\repository\commons-codec\commons-codec\1.4\commons-codec-1.4.jar;D:\Hadoop\repository\commons-io\commons-io\2.4\commons-io-2.4.jar;D:\Hadoop\repository\commons-net\commons-net\3.1\commons-net-3.1.jar;D:\Hadoop\repository\commons-collections\commons-collections\3.2.2\commons-collections-3.2.2.jar;D:\Hadoop\repository\commons-logging\commons-logging\1.1.3\commons-logging-1.1.3.jar;D:\Hadoop\repository\log4j\log4j\1.2.17\log4j-1.2.17.jar;D:\Hadoop\repository\commons-lang\commons-lang\2.6\commons-lang-2.6.jar;D:\Hadoop\repository\commons-configuration\commons-configuration\1.6\commons-configuration-1.6.jar;D:\Hadoop\repository\commons-digester\commons-digester\1.8\commons-digester-1.8.jar;D:\Hadoop\repository\commons-beanutils\commons-beanutils\1.7.0\commons-beanutils-1.7.0.jar;D:\Hadoop\repository\commons-beanutils\commons-beanutils-core\1.8.0\commons-beanutils-core-1.8.0.jar;D:\Hadoop\repository\org\slf4j\slf4j-api\1.7.5\slf4j-api-1.7.5.jar;D:\Hadoop\repository\org\slf4j\slf4j-log4j12\1.7.5\slf4j-log4j12-1.7.5.jar;D:\Hadoop\repository\org\codehaus\jackson\jackson-core-asl\1.8.8\jackson-core-asl-1.8.8.jar;D:\Hadoop\repository\org\codehaus\jackson\jackson-mapper-asl\1.8.8\jackson-mapper-asl-1.8.8.jar;D:\Hadoop\repository\org\apache\avro\avro\1.7.6-cdh5.7.0\avro-1.7.6-cdh5.7.0.jar;D:\Hadoop\repository\com\thoughtworks\paranamer\paranamer\2.3\paranamer-2.3.jar;D:\Hadoop\repository\org\xerial\snappy\snappy-java\1.0.4.1\snappy-java-1.0.4.1.jar;D:\Hadoop\repository\com\google\protobuf\protobuf-java\2.5.0\protobuf-java-2.5.0.jar;D:\Hadoop\repository\com\google\code\gson\gson\2.2.4\gson-2.2.4.jar;D:\Hadoop\repository\org\apache\hadoop\hadoop-auth\2.6.0-cdh5.7.0\hadoop-auth-2.6.0-cdh5.7.0.jar;D:\Hadoop\repository\org\apache\httpcomponents\httpclient\4.2.5\httpclient-4.2.5.jar;D:\Hadoop\repository\org\apache\httpcomponents\httpcore\4.2.4\httpcore-4.2.4.jar;D:\Hadoop\repository\org\apache\directory\server\apacheds-kerberos-codec\2.0.0-M15\apacheds-kerberos-codec-2.0.0-M15.jar;D:\Hadoop\repository\org\apache\directory\server\apacheds-i18n\2.0.0-M15\apacheds-i18n-2.0.0-M15.jar;D:\Hadoop\repository\org\apache\directory\api\api-asn1-api\1.0.0-M20\api-asn1-api-1.0.0-M20.jar;D:\Hadoop\repository\org\apache\directory\api\api-util\1.0.0-M20\api-util-1.0.0-M20.jar;D:\Hadoop\repository\org\apache\curator\curator-framework\2.7.1\curator-framework-2.7.1.jar;D:\Hadoop\repository\org\apache\curator\curator-client\2.7.1\curator-client-2.7.1.jar;D:\Hadoop\repository\org\apache\curator\curator-recipes\2.7.1\curator-recipes-2.7.1.jar;D:\Hadoop\repository\com\google\code\findbugs\jsr305\3.0.0\jsr305-3.0.0.jar;D:\Hadoop\repository\org\apache\htrace\htrace-core4\4.0.1-incubating\htrace-core4-4.0.1-incubating.jar;D:\Hadoop\repository\org\apache\zookeeper\zookeeper\3.4.5-cdh5.7.0\zookeeper-3.4.5-cdh5.7.0.jar;D:\Hadoop\repository\org\apache\commons\commons-compress\1.4.1\commons-compress-1.4.1.jar;D:\Hadoop\repository\org\tukaani\xz\1.0\xz-1.0.jar;D:\Hadoop\repository\org\apache\hadoop\hadoop-hdfs\2.6.0-cdh5.7.0\hadoop-hdfs-2.6.0-cdh5.7.0.jar;D:\Hadoop\repository\org\mortbay\jetty\jetty-util\6.1.26.cloudera.4\jetty-util-6.1.26.cloudera.4.jar;D:\Hadoop\repository\io\netty\netty\3.6.2.Final\netty-3.6.2.Final.jar;D:\Hadoop\repository\io\netty\netty-all\4.0.23.Final\netty-all-4.0.23.Final.jar;D:\Hadoop\repository\xerces\xercesImpl\2.9.1\xercesImpl-2.9.1.jar;D:\Hadoop\repository\xml-apis\xml-apis\1.3.04\xml-apis-1.3.04.jar;D:\Hadoop\repository\org\fusesource\leveldbjni\leveldbjni-all\1.8\leveldbjni-all-1.8.jar;D:\Hadoop\repository\org\apache\hadoop\hadoop-mapreduce-client-app\2.6.0-cdh5.7.0\hadoop-mapreduce-client-app-2.6.0-cdh5.7.0.jar;D:\Hadoop\repository\org\apache\hadoop\hadoop-mapreduce-client-common\2.6.0-cdh5.7.0\hadoop-mapreduce-client-common-2.6.0-cdh5.7.0.jar;D:\Hadoop\repository\org\apache\hadoop\hadoop-yarn-client\2.6.0-cdh5.7.0\hadoop-yarn-client-2.6.0-cdh5.7.0.jar;D:\Hadoop\repository\org\apache\hadoop\hadoop-yarn-server-common\2.6.0-cdh5.7.0\hadoop-yarn-server-common-2.6.0-cdh5.7.0.jar;D:\Hadoop\repository\org\apache\hadoop\hadoop-mapreduce-client-shuffle\2.6.0-cdh5.7.0\hadoop-mapreduce-client-shuffle-2.6.0-cdh5.7.0.jar;D:\Hadoop\repository\org\apache\hadoop\hadoop-yarn-api\2.6.0-cdh5.7.0\hadoop-yarn-api-2.6.0-cdh5.7.0.jar;D:\Hadoop\repository\org\apache\hadoop\hadoop-mapreduce-client-core\2.6.0-cdh5.7.0\hadoop-mapreduce-client-core-2.6.0-cdh5.7.0.jar;D:\Hadoop\repository\org\apache\hadoop\hadoop-yarn-common\2.6.0-cdh5.7.0\hadoop-yarn-common-2.6.0-cdh5.7.0.jar;D:\Hadoop\repository\javax\xml\bind\jaxb-api\2.2.2\jaxb-api-2.2.2.jar;D:\Hadoop\repository\javax\xml\stream\stax-api\1.0-2\stax-api-1.0-2.jar;D:\Hadoop\repository\javax\activation\activation\1.1\activation-1.1.jar;D:\Hadoop\repository\javax\servlet\servlet-api\2.5\servlet-api-2.5.jar;D:\Hadoop\repository\com\sun\jersey\jersey-core\1.9\jersey-core-1.9.jar;D:\Hadoop\repository\com\sun\jersey\jersey-client\1.9\jersey-client-1.9.jar;D:\Hadoop\repository\org\codehaus\jackson\jackson-jaxrs\1.8.8\jackson-jaxrs-1.8.8.jar;D:\Hadoop\repository\org\codehaus\jackson\jackson-xc\1.8.8\jackson-xc-1.8.8.jar;D:\Hadoop\repository\org\apache\hadoop\hadoop-mapreduce-client-jobclient\2.6.0-cdh5.7.0\hadoop-mapreduce-client-jobclient-2.6.0-cdh5.7.0.jar;D:\Hadoop\repository\org\apache\hadoop\hadoop-aws\2.6.0-cdh5.7.0\hadoop-aws-2.6.0-cdh5.7.0.jar;D:\Hadoop\repository\com\fasterxml\jackson\core\jackson-databind\2.2.3\jackson-databind-2.2.3.jar;D:\Hadoop\repository\com\fasterxml\jackson\core\jackson-core\2.2.3\jackson-core-2.2.3.jar;D:\Hadoop\repository\com\fasterxml\jackson\core\jackson-annotations\2.2.3\jackson-annotations-2.2.3.jar;D:\Hadoop\repository\com\amazonaws\aws-java-sdk-s3\1.10.6\aws-java-sdk-s3-1.10.6.jar;D:\Hadoop\repository\com\amazonaws\aws-java-sdk-kms\1.10.6\aws-java-sdk-kms-1.10.6.jar;D:\Hadoop\repository\com\amazonaws\aws-java-sdk-core\1.10.6\aws-java-sdk-core-1.10.6.jar;D:\Hadoop\repository\org\apache\hadoop\hadoop-annotations\2.6.0-cdh5.7.0\hadoop-annotations-2.6.0-cdh5.7.0.jar;D:\Hadoop\repository\mysql\mysql-connector-java\5.1.6\mysql-connector-java-5.1.6.jar;D:\Hadoop\repository\junit\junit\4.11\junit-4.11.jar;D:\Hadoop\repository\org\hamcrest\hamcrest-core\1.3\hamcrest-core-1.3.jar;"/>
    <property name="java.vm.vendor" value="Oracle Corporation"/>
    <property name="sun.arch.data.model" value="64"/>
    <property name="user.variant" value=""/>
    <property name="java.vendor.url" value="http://java.oracle.com/"/>
    <property name="user.timezone" value="Asia/Shanghai"/>
    <property name="java.vm.specification.version" value="1.8"/>
    <property name="os.name" value="Windows 10"/>
    <property name="user.country" value="CN"/>
    <property name="sun.java.launcher" value="SUN_STANDARD"/>
    <property name="sun.boot.library.path" value="D:\SoftInstall\Java\jdk\jre\bin"/>
    <property name="sun.java.command" value="C:\Users\ADMINI~1\AppData\Local\Temp\surefire5297884836805992228\surefirebooter3663585996522622039.jar C:\Users\Administrator\AppData\Local\Temp\surefire5297884836805992228 2019-03-29T22-38-46_886-jvmRun1 surefire2469162802637149490tmp surefire_04868139582290532574tmp"/>
    <property name="surefire.test.class.path" value="D:\IdeaProjects\g6-hadoop\target\test-classes;D:\IdeaProjects\g6-hadoop\target\classes;D:\Hadoop\repository\org\apache\hadoop\hadoop-client\2.6.0-cdh5.7.0\hadoop-client-2.6.0-cdh5.7.0.jar;D:\Hadoop\repository\org\apache\hadoop\hadoop-common\2.6.0-cdh5.7.0\hadoop-common-2.6.0-cdh5.7.0.jar;D:\Hadoop\repository\com\google\guava\guava\11.0.2\guava-11.0.2.jar;D:\Hadoop\repository\commons-cli\commons-cli\1.2\commons-cli-1.2.jar;D:\Hadoop\repository\org\apache\commons\commons-math3\3.1.1\commons-math3-3.1.1.jar;D:\Hadoop\repository\xmlenc\xmlenc\0.52\xmlenc-0.52.jar;D:\Hadoop\repository\commons-httpclient\commons-httpclient\3.1\commons-httpclient-3.1.jar;D:\Hadoop\repository\commons-codec\commons-codec\1.4\commons-codec-1.4.jar;D:\Hadoop\repository\commons-io\commons-io\2.4\commons-io-2.4.jar;D:\Hadoop\repository\commons-net\commons-net\3.1\commons-net-3.1.jar;D:\Hadoop\repository\commons-collections\commons-collections\3.2.2\commons-collections-3.2.2.jar;D:\Hadoop\repository\commons-logging\commons-logging\1.1.3\commons-logging-1.1.3.jar;D:\Hadoop\repository\log4j\log4j\1.2.17\log4j-1.2.17.jar;D:\Hadoop\repository\commons-lang\commons-lang\2.6\commons-lang-2.6.jar;D:\Hadoop\repository\commons-configuration\commons-configuration\1.6\commons-configuration-1.6.jar;D:\Hadoop\repository\commons-digester\commons-digester\1.8\commons-digester-1.8.jar;D:\Hadoop\repository\commons-beanutils\commons-beanutils\1.7.0\commons-beanutils-1.7.0.jar;D:\Hadoop\repository\commons-beanutils\commons-beanutils-core\1.8.0\commons-beanutils-core-1.8.0.jar;D:\Hadoop\repository\org\slf4j\slf4j-api\1.7.5\slf4j-api-1.7.5.jar;D:\Hadoop\repository\org\slf4j\slf4j-log4j12\1.7.5\slf4j-log4j12-1.7.5.jar;D:\Hadoop\repository\org\codehaus\jackson\jackson-core-asl\1.8.8\jackson-core-asl-1.8.8.jar;D:\Hadoop\repository\org\codehaus\jackson\jackson-mapper-asl\1.8.8\jackson-mapper-asl-1.8.8.jar;D:\Hadoop\repository\org\apache\avro\avro\1.7.6-cdh5.7.0\avro-1.7.6-cdh5.7.0.jar;D:\Hadoop\repository\com\thoughtworks\paranamer\paranamer\2.3\paranamer-2.3.jar;D:\Hadoop\repository\org\xerial\snappy\snappy-java\1.0.4.1\snappy-java-1.0.4.1.jar;D:\Hadoop\repository\com\google\protobuf\protobuf-java\2.5.0\protobuf-java-2.5.0.jar;D:\Hadoop\repository\com\google\code\gson\gson\2.2.4\gson-2.2.4.jar;D:\Hadoop\repository\org\apache\hadoop\hadoop-auth\2.6.0-cdh5.7.0\hadoop-auth-2.6.0-cdh5.7.0.jar;D:\Hadoop\repository\org\apache\httpcomponents\httpclient\4.2.5\httpclient-4.2.5.jar;D:\Hadoop\repository\org\apache\httpcomponents\httpcore\4.2.4\httpcore-4.2.4.jar;D:\Hadoop\repository\org\apache\directory\server\apacheds-kerberos-codec\2.0.0-M15\apacheds-kerberos-codec-2.0.0-M15.jar;D:\Hadoop\repository\org\apache\directory\server\apacheds-i18n\2.0.0-M15\apacheds-i18n-2.0.0-M15.jar;D:\Hadoop\repository\org\apache\directory\api\api-asn1-api\1.0.0-M20\api-asn1-api-1.0.0-M20.jar;D:\Hadoop\repository\org\apache\directory\api\api-util\1.0.0-M20\api-util-1.0.0-M20.jar;D:\Hadoop\repository\org\apache\curator\curator-framework\2.7.1\curator-framework-2.7.1.jar;D:\Hadoop\repository\org\apache\curator\curator-client\2.7.1\curator-client-2.7.1.jar;D:\Hadoop\repository\org\apache\curator\curator-recipes\2.7.1\curator-recipes-2.7.1.jar;D:\Hadoop\repository\com\google\code\findbugs\jsr305\3.0.0\jsr305-3.0.0.jar;D:\Hadoop\repository\org\apache\htrace\htrace-core4\4.0.1-incubating\htrace-core4-4.0.1-incubating.jar;D:\Hadoop\repository\org\apache\zookeeper\zookeeper\3.4.5-cdh5.7.0\zookeeper-3.4.5-cdh5.7.0.jar;D:\Hadoop\repository\org\apache\commons\commons-compress\1.4.1\commons-compress-1.4.1.jar;D:\Hadoop\repository\org\tukaani\xz\1.0\xz-1.0.jar;D:\Hadoop\repository\org\apache\hadoop\hadoop-hdfs\2.6.0-cdh5.7.0\hadoop-hdfs-2.6.0-cdh5.7.0.jar;D:\Hadoop\repository\org\mortbay\jetty\jetty-util\6.1.26.cloudera.4\jetty-util-6.1.26.cloudera.4.jar;D:\Hadoop\repository\io\netty\netty\3.6.2.Final\netty-3.6.2.Final.jar;D:\Hadoop\repository\io\netty\netty-all\4.0.23.Final\netty-all-4.0.23.Final.jar;D:\Hadoop\repository\xerces\xercesImpl\2.9.1\xercesImpl-2.9.1.jar;D:\Hadoop\repository\xml-apis\xml-apis\1.3.04\xml-apis-1.3.04.jar;D:\Hadoop\repository\org\fusesource\leveldbjni\leveldbjni-all\1.8\leveldbjni-all-1.8.jar;D:\Hadoop\repository\org\apache\hadoop\hadoop-mapreduce-client-app\2.6.0-cdh5.7.0\hadoop-mapreduce-client-app-2.6.0-cdh5.7.0.jar;D:\Hadoop\repository\org\apache\hadoop\hadoop-mapreduce-client-common\2.6.0-cdh5.7.0\hadoop-mapreduce-client-common-2.6.0-cdh5.7.0.jar;D:\Hadoop\repository\org\apache\hadoop\hadoop-yarn-client\2.6.0-cdh5.7.0\hadoop-yarn-client-2.6.0-cdh5.7.0.jar;D:\Hadoop\repository\org\apache\hadoop\hadoop-yarn-server-common\2.6.0-cdh5.7.0\hadoop-yarn-server-common-2.6.0-cdh5.7.0.jar;D:\Hadoop\repository\org\apache\hadoop\hadoop-mapreduce-client-shuffle\2.6.0-cdh5.7.0\hadoop-mapreduce-client-shuffle-2.6.0-cdh5.7.0.jar;D:\Hadoop\repository\org\apache\hadoop\hadoop-yarn-api\2.6.0-cdh5.7.0\hadoop-yarn-api-2.6.0-cdh5.7.0.jar;D:\Hadoop\repository\org\apache\hadoop\hadoop-mapreduce-client-core\2.6.0-cdh5.7.0\hadoop-mapreduce-client-core-2.6.0-cdh5.7.0.jar;D:\Hadoop\repository\org\apache\hadoop\hadoop-yarn-common\2.6.0-cdh5.7.0\hadoop-yarn-common-2.6.0-cdh5.7.0.jar;D:\Hadoop\repository\javax\xml\bind\jaxb-api\2.2.2\jaxb-api-2.2.2.jar;D:\Hadoop\repository\javax\xml\stream\stax-api\1.0-2\stax-api-1.0-2.jar;D:\Hadoop\repository\javax\activation\activation\1.1\activation-1.1.jar;D:\Hadoop\repository\javax\servlet\servlet-api\2.5\servlet-api-2.5.jar;D:\Hadoop\repository\com\sun\jersey\jersey-core\1.9\jersey-core-1.9.jar;D:\Hadoop\repository\com\sun\jersey\jersey-client\1.9\jersey-client-1.9.jar;D:\Hadoop\repository\org\codehaus\jackson\jackson-jaxrs\1.8.8\jackson-jaxrs-1.8.8.jar;D:\Hadoop\repository\org\codehaus\jackson\jackson-xc\1.8.8\jackson-xc-1.8.8.jar;D:\Hadoop\repository\org\apache\hadoop\hadoop-mapreduce-client-jobclient\2.6.0-cdh5.7.0\hadoop-mapreduce-client-jobclient-2.6.0-cdh5.7.0.jar;D:\Hadoop\repository\org\apache\hadoop\hadoop-aws\2.6.0-cdh5.7.0\hadoop-aws-2.6.0-cdh5.7.0.jar;D:\Hadoop\repository\com\fasterxml\jackson\core\jackson-databind\2.2.3\jackson-databind-2.2.3.jar;D:\Hadoop\repository\com\fasterxml\jackson\core\jackson-core\2.2.3\jackson-core-2.2.3.jar;D:\Hadoop\repository\com\fasterxml\jackson\core\jackson-annotations\2.2.3\jackson-annotations-2.2.3.jar;D:\Hadoop\repository\com\amazonaws\aws-java-sdk-s3\1.10.6\aws-java-sdk-s3-1.10.6.jar;D:\Hadoop\repository\com\amazonaws\aws-java-sdk-kms\1.10.6\aws-java-sdk-kms-1.10.6.jar;D:\Hadoop\repository\com\amazonaws\aws-java-sdk-core\1.10.6\aws-java-sdk-core-1.10.6.jar;D:\Hadoop\repository\org\apache\hadoop\hadoop-annotations\2.6.0-cdh5.7.0\hadoop-annotations-2.6.0-cdh5.7.0.jar;D:\Hadoop\repository\mysql\mysql-connector-java\5.1.6\mysql-connector-java-5.1.6.jar;D:\Hadoop\repository\junit\junit\4.11\junit-4.11.jar;D:\Hadoop\repository\org\hamcrest\hamcrest-core\1.3\hamcrest-core-1.3.jar;"/>
    <property name="sun.cpu.endian" value="little"/>
    <property name="user.home" value="C:\Users\Administrator"/>
    <property name="user.language" value="zh"/>
    <property name="java.specification.vendor" value="Oracle Corporation"/>
    <property name="java.home" value="D:\SoftInstall\Java\jdk\jre"/>
    <property name="basedir" value="D:\IdeaProjects\g6-hadoop"/>
    <property name="file.separator" value="\"/>
    <property name="line.separator" value="&#10;"/>
    <property name="java.vm.specification.vendor" value="Oracle Corporation"/>
    <property name="java.specification.name" value="Java Platform API Specification"/>
    <property name="java.awt.graphicsenv" value="sun.awt.Win32GraphicsEnvironment"/>
    <property name="surefire.real.class.path" value="C:\Users\ADMINI~1\AppData\Local\Temp\surefire5297884836805992228\surefirebooter3663585996522622039.jar"/>
    <property name="sun.boot.class.path" value="D:\SoftInstall\Java\jdk\jre\lib\resources.jar;D:\SoftInstall\Java\jdk\jre\lib\rt.jar;D:\SoftInstall\Java\jdk\jre\lib\sunrsasign.jar;D:\SoftInstall\Java\jdk\jre\lib\jsse.jar;D:\SoftInstall\Java\jdk\jre\lib\jce.jar;D:\SoftInstall\Java\jdk\jre\lib\charsets.jar;D:\SoftInstall\Java\jdk\jre\lib\jfr.jar;D:\SoftInstall\Java\jdk\jre\classes"/>
    <property name="user.script" value=""/>
    <property name="sun.management.compiler" value="HotSpot 64-Bit Tiered Compilers"/>
    <property name="java.runtime.version" value="1.8.0_201-b09"/>
    <property name="user.name" value="Administrator"/>
    <property name="path.separator" value=";"/>
    <property name="os.version" value="10.0"/>
    <property name="java.endorsed.dirs" value="D:\SoftInstall\Java\jdk\jre\lib\endorsed"/>
    <property name="java.runtime.name" value="Java(TM) SE Runtime Environment"/>
    <property name="file.encoding" value="GBK"/>
    <property name="java.vm.name" value="Java HotSpot(TM) 64-Bit Server VM"/>
    <property name="localRepository" value="D:\Hadoop\repository"/>
    <property name="java.vendor.url.bug" value="http://bugreport.sun.com/bugreport/"/>
    <property name="java.io.tmpdir" value="C:\Users\ADMINI~1\AppData\Local\Temp\"/>
    <property name="idea.version" value="2017.2"/>
    <property name="java.version" value="1.8.0_201"/>
    <property name="user.dir" value="D:\IdeaProjects\g6-hadoop"/>
    <property name="os.arch" value="amd64"/>
    <property name="java.vm.specification.name" value="Java Virtual Machine Specification"/>
    <property name="java.awt.printerjob" value="sun.awt.windows.WPrinterJob"/>
    <property name="sun.os.patch.level" value=""/>
    <property name="java.library.path" value="D:\SoftInstall\Java\jdk\jre\bin;C:\windows\Sun\Java\bin;C:\windows\system32;C:\windows;C:\Program Files (x86)\Common Files\Oracle\Java\javapath;C:\windows\system32;C:\windows;C:\windows\System32\Wbem;C:\windows\System32\WindowsPowerShell\v1.0\;D:\SoftInstall\Java\jdk/bin;D:\Hadoop\apache-maven-3.3.9-bin\apache-maven-3.3.9/bin;C:\Users\Administrator\AppData\Local\Microsoft\WindowsApps;;."/>
    <property name="java.vm.info" value="mixed mode"/>
    <property name="java.vendor" value="Oracle Corporation"/>
    <property name="java.vm.version" value="25.201-b09"/>
    <property name="java.ext.dirs" value="D:\SoftInstall\Java\jdk\jre\lib\ext;C:\windows\Sun\Java\lib\ext"/>
    <property name="sun.io.unicode.encoding" value="UnicodeLittle"/>
    <property name="java.class.version" value="52.0"/>
  </properties>
  <testcase name="LogUtilsTest" classname="com.ruoze.hadoop.utils.LogUtilsTest" time="0"/>
</testsuite>